<?xml version="1.0" encoding="UTF-8"?>
<!-- Generated by org.testng.reporters.JUnitXMLReporter -->
<testsuite ignored="0" hostname="HP" failures="0" tests="8" name="Default test" time="82.715" errors="0" timestamp="2026-02-28T10:53:54 IST">
  <testcase classname="test.ERP_Test" name="login_test" time="9.113"/>
  <testcase classname="test.ERP_Test" name="enquiry_create" time="22.905"/>
  <testcase classname="test.ERP_Test" name="followup_from_enquiry_overiew" time="12.727"/>
  <testcase classname="test.ERP_Test" name="followup_details" time="7.582"/>
  <testcase classname="test.ERP_Test" name="quotation" time="9.376"/>
  <testcase classname="test.ERP_Test" name="edit_quotation" time="2.895"/>
  <testcase classname="test.ERP_Test" name="view_quotation" time="4.611"/>
  <testcase classname="test.ERP_Test" name="quotation_followup" time="4.863"/>
</testsuite> <!-- Default test -->
