<?xml version="1.0" encoding="UTF-8"?>
<!-- Generated by org.testng.reporters.JUnitXMLReporter -->
<testsuite ignored="0" hostname="HP" failures="0" tests="12" name="Default test" time="198.284" errors="0" timestamp="2025-12-15T17:38:36 IST">
  <testcase classname="test.ERP_Test" name="data_driven_testing" time="95.317"/>
  <testcase classname="test.ERP_Test" name="login_test" time="7.071"/>
  <testcase classname="test.ERP_Test" name="enquiry_create" time="17.884"/>
  <testcase classname="test.ERP_Test" name="enquiry_overview" time="8.576"/>
  <testcase classname="test.ERP_Test" name="edit_enquiry" time="8.512"/>
  <testcase classname="test.ERP_Test" name="followup_from_enquiry_overiew" time="13.261"/>
  <testcase classname="test.ERP_Test" name="followup_details" time="7.054"/>
  <testcase classname="test.ERP_Test" name="enquiry_hot" time="10.744"/>
  <testcase classname="test.ERP_Test" name="quotation" time="5.751"/>
  <testcase classname="test.ERP_Test" name="edit_quotation" time="3.886"/>
  <testcase classname="test.ERP_Test" name="view_quotation" time="6.948"/>
  <testcase classname="test.ERP_Test" name="quotation_followup" time="4.735"/>
</testsuite> <!-- Default test -->
