<?xml version="1.0" encoding="UTF-8"?>
<!-- Generated by org.testng.reporters.JUnitXMLReporter -->
<testsuite ignored="0" hostname="HP" failures="0" tests="10" name="Default test" time="87.07" errors="0" timestamp="2025-12-17T15:13:58 IST">
  <testcase classname="test.ERP_Test" name="login_test" time="8.019"/>
  <testcase classname="test.ERP_Test" name="enquiry_create" time="19.447"/>
  <testcase classname="test.ERP_Test" name="enquiry_overview" time="8.491"/>
  <testcase classname="test.ERP_Test" name="followup_from_enquiry_overiew" time="8.922"/>
  <testcase classname="test.ERP_Test" name="followup_details" time="7.022"/>
  <testcase classname="test.ERP_Test" name="enquiry_hot" time="10.897"/>
  <testcase classname="test.ERP_Test" name="quotation" time="5.501"/>
  <testcase classname="test.ERP_Test" name="edit_quotation" time="2.509"/>
  <testcase classname="test.ERP_Test" name="view_quotation" time="4.345"/>
  <testcase classname="test.ERP_Test" name="quotation_followup" time="4.708"/>
</testsuite> <!-- Default test -->
