<?xml version="1.0" encoding="UTF-8"?>
<!-- Generated by org.testng.reporters.JUnitXMLReporter -->
<testsuite ignored="0" hostname="HP" failures="0" tests="8" name="Default test" time="85.026" errors="0" timestamp="2026-02-28T10:04:20 IST">
  <testcase classname="test.ERP_Test" name="login_test" time="9.887"/>
  <testcase classname="test.ERP_Test" name="enquiry_create" time="23.132"/>
  <testcase classname="test.ERP_Test" name="followup_from_enquiry_overiew" time="12.615"/>
  <testcase classname="test.ERP_Test" name="followup_details" time="7.495"/>
  <testcase classname="test.ERP_Test" name="quotation" time="9.198"/>
  <testcase classname="test.ERP_Test" name="edit_quotation" time="3.514"/>
  <testcase classname="test.ERP_Test" name="view_quotation" time="4.592"/>
  <testcase classname="test.ERP_Test" name="quotation_followup" time="4.91"/>
</testsuite> <!-- Default test -->
