<?xml version="1.0" encoding="UTF-8"?>
<!-- Generated by org.testng.reporters.JUnitXMLReporter -->
<testsuite ignored="0" hostname="HP" failures="0" tests="8" name="Default test" time="65.927" errors="0" timestamp="2025-12-12T16:02:33 IST">
  <testcase classname="test.ERP_Test" name="login_test" time="6.682"/>
  <testcase classname="test.ERP_Test" name="enquiry_create" time="13.695"/>
  <testcase classname="test.ERP_Test" name="followup_from_enquiry_overiew" time="12.623"/>
  <testcase classname="test.ERP_Test" name="enquiry_hot" time="10.537"/>
  <testcase classname="test.ERP_Test" name="quotation" time="5.483"/>
  <testcase classname="test.ERP_Test" name="edit_quotation" time="3.089"/>
  <testcase classname="test.ERP_Test" name="view_quotation" time="4.874"/>
  <testcase classname="test.ERP_Test" name="quotation_followup" time="4.922"/>
</testsuite> <!-- Default test -->
