<?xml version="1.0" encoding="UTF-8"?>
<!-- Generated by org.testng.reporters.JUnitXMLReporter -->
<testsuite ignored="0" hostname="HP" failures="0" tests="8" name="Default test" time="63.222" errors="0" timestamp="2025-12-12T18:17:58 IST">
  <testcase classname="test.ERP_Test" name="login_test" time="6.46"/>
  <testcase classname="test.ERP_Test" name="enquiry_create" time="13.071"/>
  <testcase classname="test.ERP_Test" name="followup_from_enquiry_overiew" time="12.675"/>
  <testcase classname="test.ERP_Test" name="enquiry_hot" time="10.402"/>
  <testcase classname="test.ERP_Test" name="quotation" time="4.947"/>
  <testcase classname="test.ERP_Test" name="edit_quotation" time="2.88"/>
  <testcase classname="test.ERP_Test" name="view_quotation" time="4.166"/>
  <testcase classname="test.ERP_Test" name="quotation_followup" time="4.501"/>
</testsuite> <!-- Default test -->
