<?xml version="1.0" encoding="UTF-8"?>
<!-- Generated by org.testng.reporters.JUnitXMLReporter -->
<testsuite ignored="0" hostname="HP" failures="0" tests="10" name="Default test" time="89.199" errors="0" timestamp="2025-12-17T15:28:21 IST">
  <testcase classname="test.ERP_Test" name="login_test" time="12.401"/>
  <testcase classname="test.ERP_Test" name="enquiry_create" time="15.778"/>
  <testcase classname="test.ERP_Test" name="enquiry_overview" time="8.523"/>
  <testcase classname="test.ERP_Test" name="followup_from_enquiry_overiew" time="8.948"/>
  <testcase classname="test.ERP_Test" name="followup_details" time="7.099"/>
  <testcase classname="test.ERP_Test" name="enquiry_hot" time="10.825"/>
  <testcase classname="test.ERP_Test" name="quotation" time="5.447"/>
  <testcase classname="test.ERP_Test" name="edit_quotation" time="2.524"/>
  <testcase classname="test.ERP_Test" name="view_quotation" time="4.426"/>
  <testcase classname="test.ERP_Test" name="quotation_followup" time="4.677"/>
</testsuite> <!-- Default test -->
