<?xml version="1.0" encoding="UTF-8"?>
<testng-results ignored="0" total="8" passed="8" failed="0" skipped="0">
  <reporter-output>
  </reporter-output>
  <suite started-at="2025-12-12T18:16:55 IST" name="Default suite" finished-at="2025-12-12T18:17:58 IST" duration-ms="63222">
    <groups>
    </groups>
    <test started-at="2025-12-12T18:16:55 IST" name="Default test" finished-at="2025-12-12T18:17:58 IST" duration-ms="63222">
      <class name="test.ERP_Test">
        <test-method is-config="true" signature="urlloading()[pri:0, instance:test.ERP_Test@42a48628]" started-at="2025-12-12T18:16:55 IST" name="urlloading" finished-at="2025-12-12T18:16:59 IST" duration-ms="3692" status="PASS">
          <reporter-output>
          </reporter-output>
        </test-method> <!-- urlloading -->
        <test-method signature="login_test()[pri:0, instance:test.ERP_Test@42a48628]" started-at="2025-12-12T18:16:59 IST" name="login_test" finished-at="2025-12-12T18:17:05 IST" duration-ms="6460" status="PASS">
          <reporter-output>
          </reporter-output>
        </test-method> <!-- login_test -->
        <test-method is-config="true" signature="browserclose(org.testng.ITestResult)[pri:0, instance:test.ERP_Test@42a48628]" started-at="2025-12-12T18:17:05 IST" name="browserclose" finished-at="2025-12-12T18:17:05 IST" duration-ms="3" status="PASS">
          <params>
            <param index="0">
              <value>
                <![CDATA[[TestResult name=login_test status=SUCCESS method=ERP_Test.login_test()[pri:0, instance:test.ERP_Test@42a48628] output={null}]]]>
              </value>
            </param>
          </params>
          <reporter-output>
          </reporter-output>
        </test-method> <!-- browserclose -->
        <test-method signature="enquiry_create()[pri:1, instance:test.ERP_Test@42a48628]" started-at="2025-12-12T18:17:05 IST" name="enquiry_create" finished-at="2025-12-12T18:17:18 IST" duration-ms="13071" status="PASS">
          <reporter-output>
          </reporter-output>
        </test-method> <!-- enquiry_create -->
        <test-method is-config="true" signature="browserclose(org.testng.ITestResult)[pri:0, instance:test.ERP_Test@42a48628]" started-at="2025-12-12T18:17:18 IST" name="browserclose" finished-at="2025-12-12T18:17:18 IST" duration-ms="1" status="PASS">
          <params>
            <param index="0">
              <value>
                <![CDATA[[TestResult name=enquiry_create status=SUCCESS method=ERP_Test.enquiry_create()[pri:1, instance:test.ERP_Test@42a48628] output={null}]]]>
              </value>
            </param>
          </params>
          <reporter-output>
          </reporter-output>
        </test-method> <!-- browserclose -->
        <test-method signature="followup_from_enquiry_overiew()[pri:4, instance:test.ERP_Test@42a48628]" started-at="2025-12-12T18:17:18 IST" name="followup_from_enquiry_overiew" finished-at="2025-12-12T18:17:31 IST" duration-ms="12675" status="PASS">
          <reporter-output>
          </reporter-output>
        </test-method> <!-- followup_from_enquiry_overiew -->
        <test-method is-config="true" signature="browserclose(org.testng.ITestResult)[pri:0, instance:test.ERP_Test@42a48628]" started-at="2025-12-12T18:17:31 IST" name="browserclose" finished-at="2025-12-12T18:17:31 IST" duration-ms="1" status="PASS">
          <params>
            <param index="0">
              <value>
                <![CDATA[[TestResult name=followup_from_enquiry_overiew status=SUCCESS method=ERP_Test.followup_from_enquiry_overiew()[pri:4, instance:test.ERP_Test@42a48628] output={null}]]]>
              </value>
            </param>
          </params>
          <reporter-output>
          </reporter-output>
        </test-method> <!-- browserclose -->
        <test-method signature="enquiry_hot()[pri:7, instance:test.ERP_Test@42a48628]" started-at="2025-12-12T18:17:31 IST" name="enquiry_hot" finished-at="2025-12-12T18:17:41 IST" duration-ms="10402" status="PASS">
          <reporter-output>
          </reporter-output>
        </test-method> <!-- enquiry_hot -->
        <test-method is-config="true" signature="browserclose(org.testng.ITestResult)[pri:0, instance:test.ERP_Test@42a48628]" started-at="2025-12-12T18:17:41 IST" name="browserclose" finished-at="2025-12-12T18:17:41 IST" duration-ms="1" status="PASS">
          <params>
            <param index="0">
              <value>
                <![CDATA[[TestResult name=enquiry_hot status=SUCCESS method=ERP_Test.enquiry_hot()[pri:7, instance:test.ERP_Test@42a48628] output={null}]]]>
              </value>
            </param>
          </params>
          <reporter-output>
          </reporter-output>
        </test-method> <!-- browserclose -->
        <test-method signature="quotation()[pri:8, instance:test.ERP_Test@42a48628]" started-at="2025-12-12T18:17:41 IST" name="quotation" finished-at="2025-12-12T18:17:46 IST" duration-ms="4947" status="PASS">
          <reporter-output>
          </reporter-output>
        </test-method> <!-- quotation -->
        <test-method is-config="true" signature="browserclose(org.testng.ITestResult)[pri:0, instance:test.ERP_Test@42a48628]" started-at="2025-12-12T18:17:46 IST" name="browserclose" finished-at="2025-12-12T18:17:46 IST" duration-ms="0" status="PASS">
          <params>
            <param index="0">
              <value>
                <![CDATA[[TestResult name=quotation status=SUCCESS method=ERP_Test.quotation()[pri:8, instance:test.ERP_Test@42a48628] output={null}]]]>
              </value>
            </param>
          </params>
          <reporter-output>
          </reporter-output>
        </test-method> <!-- browserclose -->
        <test-method signature="edit_quotation()[pri:9, instance:test.ERP_Test@42a48628]" started-at="2025-12-12T18:17:46 IST" name="edit_quotation" finished-at="2025-12-12T18:17:49 IST" duration-ms="2880" status="PASS">
          <reporter-output>
          </reporter-output>
        </test-method> <!-- edit_quotation -->
        <test-method is-config="true" signature="browserclose(org.testng.ITestResult)[pri:0, instance:test.ERP_Test@42a48628]" started-at="2025-12-12T18:17:49 IST" name="browserclose" finished-at="2025-12-12T18:17:49 IST" duration-ms="1" status="PASS">
          <params>
            <param index="0">
              <value>
                <![CDATA[[TestResult name=edit_quotation status=SUCCESS method=ERP_Test.edit_quotation()[pri:9, instance:test.ERP_Test@42a48628] output={null}]]]>
              </value>
            </param>
          </params>
          <reporter-output>
          </reporter-output>
        </test-method> <!-- browserclose -->
        <test-method signature="view_quotation()[pri:10, instance:test.ERP_Test@42a48628]" started-at="2025-12-12T18:17:49 IST" name="view_quotation" finished-at="2025-12-12T18:17:53 IST" duration-ms="4166" status="PASS">
          <reporter-output>
          </reporter-output>
        </test-method> <!-- view_quotation -->
        <test-method is-config="true" signature="browserclose(org.testng.ITestResult)[pri:0, instance:test.ERP_Test@42a48628]" started-at="2025-12-12T18:17:53 IST" name="browserclose" finished-at="2025-12-12T18:17:53 IST" duration-ms="0" status="PASS">
          <params>
            <param index="0">
              <value>
                <![CDATA[[TestResult name=view_quotation status=SUCCESS method=ERP_Test.view_quotation()[pri:10, instance:test.ERP_Test@42a48628] output={null}]]]>
              </value>
            </param>
          </params>
          <reporter-output>
          </reporter-output>
        </test-method> <!-- browserclose -->
        <test-method signature="quotation_followup()[pri:11, instance:test.ERP_Test@42a48628]" started-at="2025-12-12T18:17:53 IST" name="quotation_followup" finished-at="2025-12-12T18:17:58 IST" duration-ms="4501" status="PASS">
          <reporter-output>
          </reporter-output>
        </test-method> <!-- quotation_followup -->
        <test-method is-config="true" signature="browserclose(org.testng.ITestResult)[pri:0, instance:test.ERP_Test@42a48628]" started-at="2025-12-12T18:17:58 IST" name="browserclose" finished-at="2025-12-12T18:17:58 IST" duration-ms="0" status="PASS">
          <params>
            <param index="0">
              <value>
                <![CDATA[[TestResult name=quotation_followup status=SUCCESS method=ERP_Test.quotation_followup()[pri:11, instance:test.ERP_Test@42a48628] output={null}]]]>
              </value>
            </param>
          </params>
          <reporter-output>
          </reporter-output>
        </test-method> <!-- browserclose -->
        <test-method is-config="true" signature="teardown()[pri:0, instance:test.ERP_Test@42a48628]" started-at="2025-12-12T18:17:58 IST" name="teardown" finished-at="2025-12-12T18:17:58 IST" duration-ms="346" status="PASS">
          <reporter-output>
          </reporter-output>
        </test-method> <!-- teardown -->
      </class> <!-- test.ERP_Test -->
    </test> <!-- Default test -->
  </suite> <!-- Default suite -->
</testng-results>
