<?xml version="1.0" encoding="UTF-8"?>
<testng-results ignored="0" total="11" passed="10" failed="1" skipped="0">
  <reporter-output>
  </reporter-output>
  <suite started-at="2025-12-17T17:15:29 IST" name="Default suite" finished-at="2025-12-17T17:17:11 IST" duration-ms="102144">
    <groups>
    </groups>
    <test started-at="2025-12-17T17:15:29 IST" name="Default test" finished-at="2025-12-17T17:17:11 IST" duration-ms="102144">
      <class name="test.ERP_Test">
        <test-method is-config="true" signature="urlloading()[pri:0, instance:test.ERP_Test@6302bbb1]" started-at="2025-12-17T17:15:29 IST" name="urlloading" finished-at="2025-12-17T17:15:34 IST" duration-ms="5218" status="PASS">
          <reporter-output>
          </reporter-output>
        </test-method> <!-- urlloading -->
        <test-method signature="data_driven_testing()[pri:0, instance:test.ERP_Test@6302bbb1]" started-at="2025-12-17T17:15:34 IST" name="data_driven_testing" finished-at="2025-12-17T17:15:40 IST" duration-ms="5791" status="FAIL">
          <exception class="org.openqa.selenium.NoSuchElementException">
            <message>
              <![CDATA[no such element: Unable to locate element: {"method":"css selector","selector":"#companycode"}
  (Session info: chrome=143.0.7499.41)
For documentation on this error, please visit: https://www.selenium.dev/documentation/webdriver/troubleshooting/errors#no-such-element-exception
Build info: version: '4.21.0', revision: '79ed462ef4'
System info: os.name: 'Windows 11', os.arch: 'amd64', os.version: '10.0', java.version: '17.0.8'
Driver info: org.openqa.selenium.chrome.ChromeDriver
Command: [fa65a10a8f3f10f0a853048e09ccfd5d, findElement {value=companycode, using=id}]
Capabilities {acceptInsecureCerts: false, browserName: chrome, browserVersion: 143.0.7499.41, chrome: {chromedriverVersion: 143.0.7499.146 (c1224fc40c9..., userDataDir: C:\Users\amalr\AppData\Loca...}, fedcm:accounts: true, goog:chromeOptions: {debuggerAddress: localhost:64442}, goog:processID: 20332, networkConnectionEnabled: false, pageLoadStrategy: normal, platformName: windows, proxy: Proxy(), se:cdp: ws://localhost:64442/devtoo..., se:cdpVersion: 143.0.7499.41, setWindowRect: true, strictFileInteractability: false, timeouts: {implicit: 0, pageLoad: 300000, script: 30000}, unhandledPromptBehavior: dismiss and notify, webauthn:extension:credBlob: true, webauthn:extension:largeBlob: true, webauthn:extension:minPinLength: true, webauthn:extension:prf: true, webauthn:virtualAuthenticators: true}
Session ID: fa65a10a8f3f10f0a853048e09ccfd5d]]>
            </message>
            <full-stacktrace>
              <![CDATA[org.openqa.selenium.NoSuchElementException: no such element: Unable to locate element: {"method":"css selector","selector":"#companycode"}
  (Session info: chrome=143.0.7499.41)
For documentation on this error, please visit: https://www.selenium.dev/documentation/webdriver/troubleshooting/errors#no-such-element-exception
Build info: version: '4.21.0', revision: '79ed462ef4'
System info: os.name: 'Windows 11', os.arch: 'amd64', os.version: '10.0', java.version: '17.0.8'
Driver info: org.openqa.selenium.chrome.ChromeDriver
Command: [fa65a10a8f3f10f0a853048e09ccfd5d, findElement {value=companycode, using=id}]
Capabilities {acceptInsecureCerts: false, browserName: chrome, browserVersion: 143.0.7499.41, chrome: {chromedriverVersion: 143.0.7499.146 (c1224fc40c9..., userDataDir: C:\Users\amalr\AppData\Loca...}, fedcm:accounts: true, goog:chromeOptions: {debuggerAddress: localhost:64442}, goog:processID: 20332, networkConnectionEnabled: false, pageLoadStrategy: normal, platformName: windows, proxy: Proxy(), se:cdp: ws://localhost:64442/devtoo..., se:cdpVersion: 143.0.7499.41, setWindowRect: true, strictFileInteractability: false, timeouts: {implicit: 0, pageLoad: 300000, script: 30000}, unhandledPromptBehavior: dismiss and notify, webauthn:extension:credBlob: true, webauthn:extension:largeBlob: true, webauthn:extension:minPinLength: true, webauthn:extension:prf: true, webauthn:virtualAuthenticators: true}
Session ID: fa65a10a8f3f10f0a853048e09ccfd5d
at java.base/jdk.internal.reflect.NativeConstructorAccessorImpl.newInstance0(Native Method)
at java.base/jdk.internal.reflect.NativeConstructorAccessorImpl.newInstance(NativeConstructorAccessorImpl.java:77)
at java.base/jdk.internal.reflect.DelegatingConstructorAccessorImpl.newInstance(DelegatingConstructorAccessorImpl.java:45)
at java.base/java.lang.reflect.Constructor.newInstanceWithCaller(Constructor.java:499)
at java.base/java.lang.reflect.Constructor.newInstance(Constructor.java:480)
at org.openqa.selenium.remote.ErrorCodec.decode(ErrorCodec.java:167)
at org.openqa.selenium.remote.codec.w3c.W3CHttpResponseCodec.decode(W3CHttpResponseCodec.java:138)
at org.openqa.selenium.remote.codec.w3c.W3CHttpResponseCodec.decode(W3CHttpResponseCodec.java:50)
at org.openqa.selenium.remote.HttpCommandExecutor.execute(HttpCommandExecutor.java:190)
at org.openqa.selenium.remote.service.DriverCommandExecutor.invokeExecute(DriverCommandExecutor.java:216)
at org.openqa.selenium.remote.service.DriverCommandExecutor.execute(DriverCommandExecutor.java:174)
at org.openqa.selenium.remote.RemoteWebDriver.execute(RemoteWebDriver.java:518)
at org.openqa.selenium.remote.ElementLocation$ElementFinder$2.findElement(ElementLocation.java:165)
at org.openqa.selenium.remote.ElementLocation.findElement(ElementLocation.java:66)
at org.openqa.selenium.remote.RemoteWebDriver.findElement(RemoteWebDriver.java:355)
at org.openqa.selenium.remote.RemoteWebDriver.findElement(RemoteWebDriver.java:349)
at pages.Login.data_driven_test(Login.java:68)
at test.ERP_Test.data_driven_testing(ERP_Test.java:74)
at java.base/jdk.internal.reflect.NativeMethodAccessorImpl.invoke0(Native Method)
at java.base/jdk.internal.reflect.NativeMethodAccessorImpl.invoke(NativeMethodAccessorImpl.java:77)
at java.base/jdk.internal.reflect.DelegatingMethodAccessorImpl.invoke(DelegatingMethodAccessorImpl.java:43)
at java.base/java.lang.reflect.Method.invoke(Method.java:568)
at org.testng.internal.invokers.MethodInvocationHelper.invokeMethod(MethodInvocationHelper.java:139)
at org.testng.internal.invokers.TestInvoker.invokeMethod(TestInvoker.java:677)
at org.testng.internal.invokers.TestInvoker.invokeTestMethod(TestInvoker.java:221)
at org.testng.internal.invokers.MethodRunner.runInSequence(MethodRunner.java:50)
at org.testng.internal.invokers.TestInvoker$MethodInvocationAgent.invoke(TestInvoker.java:969)
at org.testng.internal.invokers.TestInvoker.invokeTestMethods(TestInvoker.java:194)
at org.testng.internal.invokers.TestMethodWorker.invokeTestMethods(TestMethodWorker.java:148)
at org.testng.internal.invokers.TestMethodWorker.run(TestMethodWorker.java:128)
at java.base/java.util.ArrayList.forEach(ArrayList.java:1511)
at org.testng.TestRunner.privateRun(TestRunner.java:829)
at org.testng.TestRunner.run(TestRunner.java:602)
at org.testng.SuiteRunner.runTest(SuiteRunner.java:437)
at org.testng.SuiteRunner.runSequentially(SuiteRunner.java:431)
at org.testng.SuiteRunner.privateRun(SuiteRunner.java:391)
at org.testng.SuiteRunner.run(SuiteRunner.java:330)
at org.testng.SuiteRunnerWorker.runSuite(SuiteRunnerWorker.java:52)
at org.testng.SuiteRunnerWorker.run(SuiteRunnerWorker.java:95)
at org.testng.TestNG.runSuitesSequentially(TestNG.java:1256)
at org.testng.TestNG.runSuitesLocally(TestNG.java:1176)
at org.testng.TestNG.runSuites(TestNG.java:1099)
at org.testng.TestNG.run(TestNG.java:1067)
at org.testng.remote.AbstractRemoteTestNG.run(AbstractRemoteTestNG.java:115)
at org.testng.remote.RemoteTestNG.initAndRun(RemoteTestNG.java:251)
at org.testng.remote.RemoteTestNG.main(RemoteTestNG.java:77)
]]>
            </full-stacktrace>
          </exception> <!-- org.openqa.selenium.NoSuchElementException -->
          <reporter-output>
          </reporter-output>
        </test-method> <!-- data_driven_testing -->
        <test-method is-config="true" signature="afterMethod(org.testng.ITestResult)[pri:0, instance:test.ERP_Test@6302bbb1]" started-at="2025-12-17T17:15:40 IST" name="afterMethod" finished-at="2025-12-17T17:15:40 IST" duration-ms="1" status="PASS">
          <params>
            <param index="0">
              <value>
                <![CDATA[[TestResult name=data_driven_testing status=FAILURE method=ERP_Test.data_driven_testing()[pri:0, instance:test.ERP_Test@6302bbb1] output={null}]]]>
              </value>
            </param>
          </params>
          <reporter-output>
          </reporter-output>
        </test-method> <!-- afterMethod -->
        <test-method signature="login_test()[pri:1, instance:test.ERP_Test@6302bbb1]" started-at="2025-12-17T17:15:40 IST" name="login_test" finished-at="2025-12-17T17:15:58 IST" duration-ms="17859" status="PASS">
          <reporter-output>
          </reporter-output>
        </test-method> <!-- login_test -->
        <test-method is-config="true" signature="afterMethod(org.testng.ITestResult)[pri:0, instance:test.ERP_Test@6302bbb1]" started-at="2025-12-17T17:15:58 IST" name="afterMethod" finished-at="2025-12-17T17:15:58 IST" duration-ms="189" status="PASS">
          <params>
            <param index="0">
              <value>
                <![CDATA[[TestResult name=login_test status=SUCCESS method=ERP_Test.login_test()[pri:1, instance:test.ERP_Test@6302bbb1] output={null}]]]>
              </value>
            </param>
          </params>
          <reporter-output>
          </reporter-output>
        </test-method> <!-- afterMethod -->
        <test-method signature="enquiry_create()[pri:2, instance:test.ERP_Test@6302bbb1]" started-at="2025-12-17T17:15:58 IST" name="enquiry_create" finished-at="2025-12-17T17:16:14 IST" duration-ms="15579" status="PASS">
          <reporter-output>
          </reporter-output>
        </test-method> <!-- enquiry_create -->
        <test-method is-config="true" signature="afterMethod(org.testng.ITestResult)[pri:0, instance:test.ERP_Test@6302bbb1]" started-at="2025-12-17T17:16:14 IST" name="afterMethod" finished-at="2025-12-17T17:16:14 IST" duration-ms="238" status="PASS">
          <params>
            <param index="0">
              <value>
                <![CDATA[[TestResult name=enquiry_create status=SUCCESS method=ERP_Test.enquiry_create()[pri:2, instance:test.ERP_Test@6302bbb1] output={null}]]]>
              </value>
            </param>
          </params>
          <reporter-output>
          </reporter-output>
        </test-method> <!-- afterMethod -->
        <test-method signature="enquiry_overview()[pri:3, instance:test.ERP_Test@6302bbb1]" started-at="2025-12-17T17:16:14 IST" name="enquiry_overview" finished-at="2025-12-17T17:16:23 IST" duration-ms="8532" status="PASS">
          <reporter-output>
          </reporter-output>
        </test-method> <!-- enquiry_overview -->
        <test-method is-config="true" signature="afterMethod(org.testng.ITestResult)[pri:0, instance:test.ERP_Test@6302bbb1]" started-at="2025-12-17T17:16:23 IST" name="afterMethod" finished-at="2025-12-17T17:16:23 IST" duration-ms="176" status="PASS">
          <params>
            <param index="0">
              <value>
                <![CDATA[[TestResult name=enquiry_overview status=SUCCESS method=ERP_Test.enquiry_overview()[pri:3, instance:test.ERP_Test@6302bbb1] output={null}]]]>
              </value>
            </param>
          </params>
          <reporter-output>
          </reporter-output>
        </test-method> <!-- afterMethod -->
        <test-method signature="followup_from_enquiry_overiew()[pri:5, instance:test.ERP_Test@6302bbb1]" started-at="2025-12-17T17:16:23 IST" name="followup_from_enquiry_overiew" finished-at="2025-12-17T17:16:32 IST" duration-ms="8917" status="PASS">
          <reporter-output>
          </reporter-output>
        </test-method> <!-- followup_from_enquiry_overiew -->
        <test-method is-config="true" signature="afterMethod(org.testng.ITestResult)[pri:0, instance:test.ERP_Test@6302bbb1]" started-at="2025-12-17T17:16:32 IST" name="afterMethod" finished-at="2025-12-17T17:16:32 IST" duration-ms="198" status="PASS">
          <params>
            <param index="0">
              <value>
                <![CDATA[[TestResult name=followup_from_enquiry_overiew status=SUCCESS method=ERP_Test.followup_from_enquiry_overiew()[pri:5, instance:test.ERP_Test@6302bbb1] output={null}]]]>
              </value>
            </param>
          </params>
          <reporter-output>
          </reporter-output>
        </test-method> <!-- afterMethod -->
        <test-method signature="followup_details()[pri:6, instance:test.ERP_Test@6302bbb1]" started-at="2025-12-17T17:16:32 IST" name="followup_details" finished-at="2025-12-17T17:16:39 IST" duration-ms="7027" status="PASS">
          <reporter-output>
          </reporter-output>
        </test-method> <!-- followup_details -->
        <test-method is-config="true" signature="afterMethod(org.testng.ITestResult)[pri:0, instance:test.ERP_Test@6302bbb1]" started-at="2025-12-17T17:16:39 IST" name="afterMethod" finished-at="2025-12-17T17:16:39 IST" duration-ms="213" status="PASS">
          <params>
            <param index="0">
              <value>
                <![CDATA[[TestResult name=followup_details status=SUCCESS method=ERP_Test.followup_details()[pri:6, instance:test.ERP_Test@6302bbb1] output={null}]]]>
              </value>
            </param>
          </params>
          <reporter-output>
          </reporter-output>
        </test-method> <!-- afterMethod -->
        <test-method signature="enquiry_hot()[pri:8, instance:test.ERP_Test@6302bbb1]" started-at="2025-12-17T17:16:39 IST" name="enquiry_hot" finished-at="2025-12-17T17:16:50 IST" duration-ms="10894" status="PASS">
          <reporter-output>
          </reporter-output>
        </test-method> <!-- enquiry_hot -->
        <test-method is-config="true" signature="afterMethod(org.testng.ITestResult)[pri:0, instance:test.ERP_Test@6302bbb1]" started-at="2025-12-17T17:16:50 IST" name="afterMethod" finished-at="2025-12-17T17:16:50 IST" duration-ms="164" status="PASS">
          <params>
            <param index="0">
              <value>
                <![CDATA[[TestResult name=enquiry_hot status=SUCCESS method=ERP_Test.enquiry_hot()[pri:8, instance:test.ERP_Test@6302bbb1] output={null}]]]>
              </value>
            </param>
          </params>
          <reporter-output>
          </reporter-output>
        </test-method> <!-- afterMethod -->
        <test-method signature="quotation()[pri:9, instance:test.ERP_Test@6302bbb1]" started-at="2025-12-17T17:16:50 IST" name="quotation" finished-at="2025-12-17T17:16:56 IST" duration-ms="5409" status="PASS">
          <reporter-output>
          </reporter-output>
        </test-method> <!-- quotation -->
        <test-method is-config="true" signature="afterMethod(org.testng.ITestResult)[pri:0, instance:test.ERP_Test@6302bbb1]" started-at="2025-12-17T17:16:56 IST" name="afterMethod" finished-at="2025-12-17T17:16:56 IST" duration-ms="352" status="PASS">
          <params>
            <param index="0">
              <value>
                <![CDATA[[TestResult name=quotation status=SUCCESS method=ERP_Test.quotation()[pri:9, instance:test.ERP_Test@6302bbb1] output={null}]]]>
              </value>
            </param>
          </params>
          <reporter-output>
          </reporter-output>
        </test-method> <!-- afterMethod -->
        <test-method signature="edit_quotation()[pri:10, instance:test.ERP_Test@6302bbb1]" started-at="2025-12-17T17:16:56 IST" name="edit_quotation" finished-at="2025-12-17T17:16:58 IST" duration-ms="2473" status="PASS">
          <reporter-output>
          </reporter-output>
        </test-method> <!-- edit_quotation -->
        <test-method is-config="true" signature="afterMethod(org.testng.ITestResult)[pri:0, instance:test.ERP_Test@6302bbb1]" started-at="2025-12-17T17:16:58 IST" name="afterMethod" finished-at="2025-12-17T17:16:59 IST" duration-ms="266" status="PASS">
          <params>
            <param index="0">
              <value>
                <![CDATA[[TestResult name=edit_quotation status=SUCCESS method=ERP_Test.edit_quotation()[pri:10, instance:test.ERP_Test@6302bbb1] output={null}]]]>
              </value>
            </param>
          </params>
          <reporter-output>
          </reporter-output>
        </test-method> <!-- afterMethod -->
        <test-method signature="view_quotation()[pri:11, instance:test.ERP_Test@6302bbb1]" started-at="2025-12-17T17:16:59 IST" name="view_quotation" finished-at="2025-12-17T17:17:06 IST" duration-ms="6908" status="PASS">
          <reporter-output>
          </reporter-output>
        </test-method> <!-- view_quotation -->
        <test-method is-config="true" signature="afterMethod(org.testng.ITestResult)[pri:0, instance:test.ERP_Test@6302bbb1]" started-at="2025-12-17T17:17:06 IST" name="afterMethod" finished-at="2025-12-17T17:17:06 IST" duration-ms="337" status="PASS">
          <params>
            <param index="0">
              <value>
                <![CDATA[[TestResult name=view_quotation status=SUCCESS method=ERP_Test.view_quotation()[pri:11, instance:test.ERP_Test@6302bbb1] output={null}]]]>
              </value>
            </param>
          </params>
          <reporter-output>
          </reporter-output>
        </test-method> <!-- afterMethod -->
        <test-method signature="quotation_followup()[pri:12, instance:test.ERP_Test@6302bbb1]" started-at="2025-12-17T17:17:06 IST" name="quotation_followup" finished-at="2025-12-17T17:17:11 IST" duration-ms="4732" status="PASS">
          <reporter-output>
          </reporter-output>
        </test-method> <!-- quotation_followup -->
        <test-method is-config="true" signature="afterMethod(org.testng.ITestResult)[pri:0, instance:test.ERP_Test@6302bbb1]" started-at="2025-12-17T17:17:11 IST" name="afterMethod" finished-at="2025-12-17T17:17:11 IST" duration-ms="204" status="PASS">
          <params>
            <param index="0">
              <value>
                <![CDATA[[TestResult name=quotation_followup status=SUCCESS method=ERP_Test.quotation_followup()[pri:12, instance:test.ERP_Test@6302bbb1] output={null}]]]>
              </value>
            </param>
          </params>
          <reporter-output>
          </reporter-output>
        </test-method> <!-- afterMethod -->
        <test-method is-config="true" signature="teardown()[pri:0, instance:test.ERP_Test@6302bbb1]" started-at="2025-12-17T17:17:11 IST" name="teardown" finished-at="2025-12-17T17:17:11 IST" duration-ms="362" status="PASS">
          <reporter-output>
          </reporter-output>
        </test-method> <!-- teardown -->
      </class> <!-- test.ERP_Test -->
    </test> <!-- Default test -->
  </suite> <!-- Default suite -->
</testng-results>
