<?xml version="1.0" encoding="UTF-8"?>
<testng-results ignored="0" total="8" passed="8" failed="0" skipped="0">
  <reporter-output>
  </reporter-output>
  <suite started-at="2026-02-28T10:02:55 IST" name="Default suite" finished-at="2026-02-28T10:04:20 IST" duration-ms="85026">
    <groups>
    </groups>
    <test started-at="2026-02-28T10:02:55 IST" name="Default test" finished-at="2026-02-28T10:04:20 IST" duration-ms="85026">
      <class name="test.ERP_Test">
        <test-method is-config="true" signature="urlloading()[pri:0, instance:test.ERP_Test@6302bbb1]" started-at="2026-02-28T10:02:55 IST" name="urlloading" finished-at="2026-02-28T10:03:01 IST" duration-ms="5955" status="PASS">
          <reporter-output>
          </reporter-output>
        </test-method> <!-- urlloading -->
        <test-method signature="login_test()[pri:1, instance:test.ERP_Test@6302bbb1]" started-at="2026-02-28T10:03:01 IST" name="login_test" finished-at="2026-02-28T10:03:11 IST" duration-ms="9887" status="PASS">
          <reporter-output>
          </reporter-output>
        </test-method> <!-- login_test -->
        <test-method is-config="true" signature="afterMethod(org.testng.ITestResult)[pri:0, instance:test.ERP_Test@6302bbb1]" started-at="2026-02-28T10:03:11 IST" name="afterMethod" finished-at="2026-02-28T10:03:11 IST" duration-ms="302" status="PASS">
          <params>
            <param index="0">
              <value>
                <![CDATA[[TestResult name=login_test status=SUCCESS method=ERP_Test.login_test()[pri:1, instance:test.ERP_Test@6302bbb1] output={null}]]]>
              </value>
            </param>
          </params>
          <reporter-output>
          </reporter-output>
        </test-method> <!-- afterMethod -->
        <test-method signature="enquiry_create()[pri:2, instance:test.ERP_Test@6302bbb1]" started-at="2026-02-28T10:03:11 IST" name="enquiry_create" finished-at="2026-02-28T10:03:34 IST" duration-ms="23132" status="PASS">
          <reporter-output>
          </reporter-output>
        </test-method> <!-- enquiry_create -->
        <test-method is-config="true" signature="afterMethod(org.testng.ITestResult)[pri:0, instance:test.ERP_Test@6302bbb1]" started-at="2026-02-28T10:03:34 IST" name="afterMethod" finished-at="2026-02-28T10:03:35 IST" duration-ms="316" status="PASS">
          <params>
            <param index="0">
              <value>
                <![CDATA[[TestResult name=enquiry_create status=SUCCESS method=ERP_Test.enquiry_create()[pri:2, instance:test.ERP_Test@6302bbb1] output={null}]]]>
              </value>
            </param>
          </params>
          <reporter-output>
          </reporter-output>
        </test-method> <!-- afterMethod -->
        <test-method signature="followup_from_enquiry_overiew()[pri:5, instance:test.ERP_Test@6302bbb1]" started-at="2026-02-28T10:03:35 IST" name="followup_from_enquiry_overiew" finished-at="2026-02-28T10:03:47 IST" duration-ms="12615" status="PASS">
          <reporter-output>
          </reporter-output>
        </test-method> <!-- followup_from_enquiry_overiew -->
        <test-method is-config="true" signature="afterMethod(org.testng.ITestResult)[pri:0, instance:test.ERP_Test@6302bbb1]" started-at="2026-02-28T10:03:47 IST" name="afterMethod" finished-at="2026-02-28T10:03:48 IST" duration-ms="235" status="PASS">
          <params>
            <param index="0">
              <value>
                <![CDATA[[TestResult name=followup_from_enquiry_overiew status=SUCCESS method=ERP_Test.followup_from_enquiry_overiew()[pri:5, instance:test.ERP_Test@6302bbb1] output={null}]]]>
              </value>
            </param>
          </params>
          <reporter-output>
          </reporter-output>
        </test-method> <!-- afterMethod -->
        <test-method signature="followup_details()[pri:6, instance:test.ERP_Test@6302bbb1]" started-at="2026-02-28T10:03:48 IST" name="followup_details" finished-at="2026-02-28T10:03:55 IST" duration-ms="7495" status="PASS">
          <reporter-output>
          </reporter-output>
        </test-method> <!-- followup_details -->
        <test-method is-config="true" signature="afterMethod(org.testng.ITestResult)[pri:0, instance:test.ERP_Test@6302bbb1]" started-at="2026-02-28T10:03:55 IST" name="afterMethod" finished-at="2026-02-28T10:03:55 IST" duration-ms="268" status="PASS">
          <params>
            <param index="0">
              <value>
                <![CDATA[[TestResult name=followup_details status=SUCCESS method=ERP_Test.followup_details()[pri:6, instance:test.ERP_Test@6302bbb1] output={null}]]]>
              </value>
            </param>
          </params>
          <reporter-output>
          </reporter-output>
        </test-method> <!-- afterMethod -->
        <test-method signature="quotation()[pri:9, instance:test.ERP_Test@6302bbb1]" started-at="2026-02-28T10:03:55 IST" name="quotation" finished-at="2026-02-28T10:04:05 IST" duration-ms="9198" status="PASS">
          <reporter-output>
          </reporter-output>
        </test-method> <!-- quotation -->
        <test-method is-config="true" signature="afterMethod(org.testng.ITestResult)[pri:0, instance:test.ERP_Test@6302bbb1]" started-at="2026-02-28T10:04:05 IST" name="afterMethod" finished-at="2026-02-28T10:04:05 IST" duration-ms="224" status="PASS">
          <params>
            <param index="0">
              <value>
                <![CDATA[[TestResult name=quotation status=SUCCESS method=ERP_Test.quotation()[pri:9, instance:test.ERP_Test@6302bbb1] output={null}]]]>
              </value>
            </param>
          </params>
          <reporter-output>
          </reporter-output>
        </test-method> <!-- afterMethod -->
        <test-method signature="edit_quotation()[pri:10, instance:test.ERP_Test@6302bbb1]" started-at="2026-02-28T10:04:05 IST" name="edit_quotation" finished-at="2026-02-28T10:04:08 IST" duration-ms="3514" status="PASS">
          <reporter-output>
          </reporter-output>
        </test-method> <!-- edit_quotation -->
        <test-method is-config="true" signature="afterMethod(org.testng.ITestResult)[pri:0, instance:test.ERP_Test@6302bbb1]" started-at="2026-02-28T10:04:08 IST" name="afterMethod" finished-at="2026-02-28T10:04:09 IST" duration-ms="538" status="PASS">
          <params>
            <param index="0">
              <value>
                <![CDATA[[TestResult name=edit_quotation status=SUCCESS method=ERP_Test.edit_quotation()[pri:10, instance:test.ERP_Test@6302bbb1] output={null}]]]>
              </value>
            </param>
          </params>
          <reporter-output>
          </reporter-output>
        </test-method> <!-- afterMethod -->
        <test-method signature="view_quotation()[pri:11, instance:test.ERP_Test@6302bbb1]" started-at="2026-02-28T10:04:09 IST" name="view_quotation" finished-at="2026-02-28T10:04:13 IST" duration-ms="4592" status="PASS">
          <reporter-output>
          </reporter-output>
        </test-method> <!-- view_quotation -->
        <test-method is-config="true" signature="afterMethod(org.testng.ITestResult)[pri:0, instance:test.ERP_Test@6302bbb1]" started-at="2026-02-28T10:04:13 IST" name="afterMethod" finished-at="2026-02-28T10:04:14 IST" duration-ms="497" status="PASS">
          <params>
            <param index="0">
              <value>
                <![CDATA[[TestResult name=view_quotation status=SUCCESS method=ERP_Test.view_quotation()[pri:11, instance:test.ERP_Test@6302bbb1] output={null}]]]>
              </value>
            </param>
          </params>
          <reporter-output>
          </reporter-output>
        </test-method> <!-- afterMethod -->
        <test-method signature="quotation_followup()[pri:12, instance:test.ERP_Test@6302bbb1]" started-at="2026-02-28T10:04:14 IST" name="quotation_followup" finished-at="2026-02-28T10:04:19 IST" duration-ms="4910" status="PASS">
          <reporter-output>
          </reporter-output>
        </test-method> <!-- quotation_followup -->
        <test-method is-config="true" signature="afterMethod(org.testng.ITestResult)[pri:0, instance:test.ERP_Test@6302bbb1]" started-at="2026-02-28T10:04:19 IST" name="afterMethod" finished-at="2026-02-28T10:04:19 IST" duration-ms="275" status="PASS">
          <params>
            <param index="0">
              <value>
                <![CDATA[[TestResult name=quotation_followup status=SUCCESS method=ERP_Test.quotation_followup()[pri:12, instance:test.ERP_Test@6302bbb1] output={null}]]]>
              </value>
            </param>
          </params>
          <reporter-output>
          </reporter-output>
        </test-method> <!-- afterMethod -->
        <test-method is-config="true" signature="teardown()[pri:0, instance:test.ERP_Test@6302bbb1]" started-at="2026-02-28T10:04:19 IST" name="teardown" finished-at="2026-02-28T10:04:20 IST" duration-ms="950" status="PASS">
          <reporter-output>
          </reporter-output>
        </test-method> <!-- teardown -->
      </class> <!-- test.ERP_Test -->
    </test> <!-- Default test -->
  </suite> <!-- Default suite -->
</testng-results>
