<?xml version="1.0" encoding="UTF-8"?>
<testng-results ignored="0" total="2" passed="1" failed="1" skipped="0">
  <reporter-output>
  </reporter-output>
  <suite started-at="2025-12-15T12:10:44 IST" name="Default suite" finished-at="2025-12-15T12:10:57 IST" duration-ms="13639">
    <groups>
    </groups>
    <test started-at="2025-12-15T12:10:44 IST" name="Default test" finished-at="2025-12-15T12:10:57 IST" duration-ms="13639">
      <class name="test.ERP_Test">
        <test-method is-config="true" signature="urlloading()[pri:0, instance:test.ERP_Test@49e53c76]" started-at="2025-12-15T12:10:44 IST" name="urlloading" finished-at="2025-12-15T12:10:49 IST" duration-ms="5363" status="PASS">
          <reporter-output>
          </reporter-output>
        </test-method> <!-- urlloading -->
        <test-method signature="data_driven_testing()[pri:0, instance:test.ERP_Test@49e53c76]" started-at="2025-12-15T12:10:49 IST" name="data_driven_testing" finished-at="2025-12-15T12:10:49 IST" duration-ms="28" status="FAIL">
          <exception class="java.io.FileNotFoundException">
            <message>
              <![CDATA[C:\Users\amalr\git\repository\ERP\src\test\resources\testdata\Datadriven.xlsx (The system cannot find the path specified)]]>
            </message>
            <full-stacktrace>
              <![CDATA[java.io.FileNotFoundException: C:\Users\amalr\git\repository\ERP\src\test\resources\testdata\Datadriven.xlsx (The system cannot find the path specified)
at java.base/java.io.FileInputStream.open0(Native Method)
at java.base/java.io.FileInputStream.open(FileInputStream.java:216)
at java.base/java.io.FileInputStream.<init>(FileInputStream.java:157)
at pages.Login.data_driven_test(Login.java:43)
at test.ERP_Test.data_driven_testing(ERP_Test.java:73)
at java.base/jdk.internal.reflect.NativeMethodAccessorImpl.invoke0(Native Method)
at java.base/jdk.internal.reflect.NativeMethodAccessorImpl.invoke(NativeMethodAccessorImpl.java:77)
at java.base/jdk.internal.reflect.DelegatingMethodAccessorImpl.invoke(DelegatingMethodAccessorImpl.java:43)
at java.base/java.lang.reflect.Method.invoke(Method.java:568)
at org.testng.internal.invokers.MethodInvocationHelper.invokeMethod(MethodInvocationHelper.java:139)
at org.testng.internal.invokers.TestInvoker.invokeMethod(TestInvoker.java:677)
at org.testng.internal.invokers.TestInvoker.invokeTestMethod(TestInvoker.java:221)
at org.testng.internal.invokers.MethodRunner.runInSequence(MethodRunner.java:50)
at org.testng.internal.invokers.TestInvoker$MethodInvocationAgent.invoke(TestInvoker.java:969)
at org.testng.internal.invokers.TestInvoker.invokeTestMethods(TestInvoker.java:194)
at org.testng.internal.invokers.TestMethodWorker.invokeTestMethods(TestMethodWorker.java:148)
at org.testng.internal.invokers.TestMethodWorker.run(TestMethodWorker.java:128)
at java.base/java.util.ArrayList.forEach(ArrayList.java:1511)
at org.testng.TestRunner.privateRun(TestRunner.java:829)
at org.testng.TestRunner.run(TestRunner.java:602)
at org.testng.SuiteRunner.runTest(SuiteRunner.java:437)
at org.testng.SuiteRunner.runSequentially(SuiteRunner.java:431)
at org.testng.SuiteRunner.privateRun(SuiteRunner.java:391)
at org.testng.SuiteRunner.run(SuiteRunner.java:330)
at org.testng.SuiteRunnerWorker.runSuite(SuiteRunnerWorker.java:52)
at org.testng.SuiteRunnerWorker.run(SuiteRunnerWorker.java:95)
at org.testng.TestNG.runSuitesSequentially(TestNG.java:1256)
at org.testng.TestNG.runSuitesLocally(TestNG.java:1176)
at org.testng.TestNG.runSuites(TestNG.java:1099)
at org.testng.TestNG.run(TestNG.java:1067)
at org.testng.remote.AbstractRemoteTestNG.run(AbstractRemoteTestNG.java:115)
at org.testng.remote.RemoteTestNG.initAndRun(RemoteTestNG.java:251)
at org.testng.remote.RemoteTestNG.main(RemoteTestNG.java:77)
]]>
            </full-stacktrace>
          </exception> <!-- java.io.FileNotFoundException -->
          <reporter-output>
          </reporter-output>
        </test-method> <!-- data_driven_testing -->
        <test-method is-config="true" signature="browserclose(org.testng.ITestResult)[pri:0, instance:test.ERP_Test@49e53c76]" started-at="2025-12-15T12:10:49 IST" name="browserclose" finished-at="2025-12-15T12:10:50 IST" duration-ms="701" status="PASS">
          <params>
            <param index="0">
              <value>
                <![CDATA[[TestResult name=data_driven_testing status=FAILURE method=ERP_Test.data_driven_testing()[pri:0, instance:test.ERP_Test@49e53c76] output={null}]]]>
              </value>
            </param>
          </params>
          <reporter-output>
          </reporter-output>
        </test-method> <!-- browserclose -->
        <test-method signature="login_test()[pri:1, instance:test.ERP_Test@49e53c76]" started-at="2025-12-15T12:10:50 IST" name="login_test" finished-at="2025-12-15T12:10:57 IST" duration-ms="6797" status="PASS">
          <reporter-output>
          </reporter-output>
        </test-method> <!-- login_test -->
        <test-method is-config="true" signature="browserclose(org.testng.ITestResult)[pri:0, instance:test.ERP_Test@49e53c76]" started-at="2025-12-15T12:10:57 IST" name="browserclose" finished-at="2025-12-15T12:10:57 IST" duration-ms="1" status="PASS">
          <params>
            <param index="0">
              <value>
                <![CDATA[[TestResult name=login_test status=SUCCESS method=ERP_Test.login_test()[pri:1, instance:test.ERP_Test@49e53c76] output={null}]]]>
              </value>
            </param>
          </params>
          <reporter-output>
          </reporter-output>
        </test-method> <!-- browserclose -->
        <test-method is-config="true" signature="teardown()[pri:0, instance:test.ERP_Test@49e53c76]" started-at="2025-12-15T12:10:57 IST" name="teardown" finished-at="2025-12-15T12:10:57 IST" duration-ms="659" status="PASS">
          <reporter-output>
          </reporter-output>
        </test-method> <!-- teardown -->
      </class> <!-- test.ERP_Test -->
    </test> <!-- Default test -->
  </suite> <!-- Default suite -->
</testng-results>
