<?xml version="1.0" encoding="UTF-8"?>
<testng-results ignored="0" total="8" passed="8" failed="0" skipped="0">
  <reporter-output>
  </reporter-output>
  <suite started-at="2026-02-28T10:52:31 IST" name="Default suite" finished-at="2026-02-28T10:53:54 IST" duration-ms="82715">
    <groups>
    </groups>
    <test started-at="2026-02-28T10:52:31 IST" name="Default test" finished-at="2026-02-28T10:53:54 IST" duration-ms="82715">
      <class name="test.ERP_Test">
        <test-method is-config="true" signature="urlloading()[pri:0, instance:test.ERP_Test@6302bbb1]" started-at="2026-02-28T10:52:31 IST" name="urlloading" finished-at="2026-02-28T10:52:36 IST" duration-ms="5102" status="PASS">
          <reporter-output>
          </reporter-output>
        </test-method> <!-- urlloading -->
        <test-method signature="login_test()[pri:1, instance:test.ERP_Test@6302bbb1]" started-at="2026-02-28T10:52:36 IST" name="login_test" finished-at="2026-02-28T10:52:45 IST" duration-ms="9113" status="PASS">
          <reporter-output>
          </reporter-output>
        </test-method> <!-- login_test -->
        <test-method is-config="true" signature="afterMethod(org.testng.ITestResult)[pri:0, instance:test.ERP_Test@6302bbb1]" started-at="2026-02-28T10:52:46 IST" name="afterMethod" finished-at="2026-02-28T10:52:46 IST" duration-ms="307" status="PASS">
          <params>
            <param index="0">
              <value>
                <![CDATA[[TestResult name=login_test status=SUCCESS method=ERP_Test.login_test()[pri:1, instance:test.ERP_Test@6302bbb1] output={null}]]]>
              </value>
            </param>
          </params>
          <reporter-output>
          </reporter-output>
        </test-method> <!-- afterMethod -->
        <test-method signature="enquiry_create()[pri:2, instance:test.ERP_Test@6302bbb1]" started-at="2026-02-28T10:52:46 IST" name="enquiry_create" finished-at="2026-02-28T10:53:09 IST" duration-ms="22905" status="PASS">
          <reporter-output>
          </reporter-output>
        </test-method> <!-- enquiry_create -->
        <test-method is-config="true" signature="afterMethod(org.testng.ITestResult)[pri:0, instance:test.ERP_Test@6302bbb1]" started-at="2026-02-28T10:53:09 IST" name="afterMethod" finished-at="2026-02-28T10:53:09 IST" duration-ms="211" status="PASS">
          <params>
            <param index="0">
              <value>
                <![CDATA[[TestResult name=enquiry_create status=SUCCESS method=ERP_Test.enquiry_create()[pri:2, instance:test.ERP_Test@6302bbb1] output={null}]]]>
              </value>
            </param>
          </params>
          <reporter-output>
          </reporter-output>
        </test-method> <!-- afterMethod -->
        <test-method signature="followup_from_enquiry_overiew()[pri:5, instance:test.ERP_Test@6302bbb1]" started-at="2026-02-28T10:53:09 IST" name="followup_from_enquiry_overiew" finished-at="2026-02-28T10:53:22 IST" duration-ms="12727" status="PASS">
          <reporter-output>
          </reporter-output>
        </test-method> <!-- followup_from_enquiry_overiew -->
        <test-method is-config="true" signature="afterMethod(org.testng.ITestResult)[pri:0, instance:test.ERP_Test@6302bbb1]" started-at="2026-02-28T10:53:22 IST" name="afterMethod" finished-at="2026-02-28T10:53:22 IST" duration-ms="282" status="PASS">
          <params>
            <param index="0">
              <value>
                <![CDATA[[TestResult name=followup_from_enquiry_overiew status=SUCCESS method=ERP_Test.followup_from_enquiry_overiew()[pri:5, instance:test.ERP_Test@6302bbb1] output={null}]]]>
              </value>
            </param>
          </params>
          <reporter-output>
          </reporter-output>
        </test-method> <!-- afterMethod -->
        <test-method signature="followup_details()[pri:6, instance:test.ERP_Test@6302bbb1]" started-at="2026-02-28T10:53:22 IST" name="followup_details" finished-at="2026-02-28T10:53:30 IST" duration-ms="7582" status="PASS">
          <reporter-output>
          </reporter-output>
        </test-method> <!-- followup_details -->
        <test-method is-config="true" signature="afterMethod(org.testng.ITestResult)[pri:0, instance:test.ERP_Test@6302bbb1]" started-at="2026-02-28T10:53:30 IST" name="afterMethod" finished-at="2026-02-28T10:53:30 IST" duration-ms="234" status="PASS">
          <params>
            <param index="0">
              <value>
                <![CDATA[[TestResult name=followup_details status=SUCCESS method=ERP_Test.followup_details()[pri:6, instance:test.ERP_Test@6302bbb1] output={null}]]]>
              </value>
            </param>
          </params>
          <reporter-output>
          </reporter-output>
        </test-method> <!-- afterMethod -->
        <test-method signature="quotation()[pri:9, instance:test.ERP_Test@6302bbb1]" started-at="2026-02-28T10:53:30 IST" name="quotation" finished-at="2026-02-28T10:53:39 IST" duration-ms="9376" status="PASS">
          <reporter-output>
          </reporter-output>
        </test-method> <!-- quotation -->
        <test-method is-config="true" signature="afterMethod(org.testng.ITestResult)[pri:0, instance:test.ERP_Test@6302bbb1]" started-at="2026-02-28T10:53:39 IST" name="afterMethod" finished-at="2026-02-28T10:53:40 IST" duration-ms="439" status="PASS">
          <params>
            <param index="0">
              <value>
                <![CDATA[[TestResult name=quotation status=SUCCESS method=ERP_Test.quotation()[pri:9, instance:test.ERP_Test@6302bbb1] output={null}]]]>
              </value>
            </param>
          </params>
          <reporter-output>
          </reporter-output>
        </test-method> <!-- afterMethod -->
        <test-method signature="edit_quotation()[pri:10, instance:test.ERP_Test@6302bbb1]" started-at="2026-02-28T10:53:40 IST" name="edit_quotation" finished-at="2026-02-28T10:53:42 IST" duration-ms="2895" status="PASS">
          <reporter-output>
          </reporter-output>
        </test-method> <!-- edit_quotation -->
        <test-method is-config="true" signature="afterMethod(org.testng.ITestResult)[pri:0, instance:test.ERP_Test@6302bbb1]" started-at="2026-02-28T10:53:42 IST" name="afterMethod" finished-at="2026-02-28T10:53:43 IST" duration-ms="357" status="PASS">
          <params>
            <param index="0">
              <value>
                <![CDATA[[TestResult name=edit_quotation status=SUCCESS method=ERP_Test.edit_quotation()[pri:10, instance:test.ERP_Test@6302bbb1] output={null}]]]>
              </value>
            </param>
          </params>
          <reporter-output>
          </reporter-output>
        </test-method> <!-- afterMethod -->
        <test-method signature="view_quotation()[pri:11, instance:test.ERP_Test@6302bbb1]" started-at="2026-02-28T10:53:43 IST" name="view_quotation" finished-at="2026-02-28T10:53:47 IST" duration-ms="4611" status="PASS">
          <reporter-output>
          </reporter-output>
        </test-method> <!-- view_quotation -->
        <test-method is-config="true" signature="afterMethod(org.testng.ITestResult)[pri:0, instance:test.ERP_Test@6302bbb1]" started-at="2026-02-28T10:53:47 IST" name="afterMethod" finished-at="2026-02-28T10:53:48 IST" duration-ms="419" status="PASS">
          <params>
            <param index="0">
              <value>
                <![CDATA[[TestResult name=view_quotation status=SUCCESS method=ERP_Test.view_quotation()[pri:11, instance:test.ERP_Test@6302bbb1] output={null}]]]>
              </value>
            </param>
          </params>
          <reporter-output>
          </reporter-output>
        </test-method> <!-- afterMethod -->
        <test-method signature="quotation_followup()[pri:12, instance:test.ERP_Test@6302bbb1]" started-at="2026-02-28T10:53:48 IST" name="quotation_followup" finished-at="2026-02-28T10:53:53 IST" duration-ms="4863" status="PASS">
          <reporter-output>
          </reporter-output>
        </test-method> <!-- quotation_followup -->
        <test-method is-config="true" signature="afterMethod(org.testng.ITestResult)[pri:0, instance:test.ERP_Test@6302bbb1]" started-at="2026-02-28T10:53:53 IST" name="afterMethod" finished-at="2026-02-28T10:53:53 IST" duration-ms="251" status="PASS">
          <params>
            <param index="0">
              <value>
                <![CDATA[[TestResult name=quotation_followup status=SUCCESS method=ERP_Test.quotation_followup()[pri:12, instance:test.ERP_Test@6302bbb1] output={null}]]]>
              </value>
            </param>
          </params>
          <reporter-output>
          </reporter-output>
        </test-method> <!-- afterMethod -->
        <test-method is-config="true" signature="teardown()[pri:0, instance:test.ERP_Test@6302bbb1]" started-at="2026-02-28T10:53:53 IST" name="teardown" finished-at="2026-02-28T10:53:54 IST" duration-ms="910" status="PASS">
          <reporter-output>
          </reporter-output>
        </test-method> <!-- teardown -->
      </class> <!-- test.ERP_Test -->
    </test> <!-- Default test -->
  </suite> <!-- Default suite -->
</testng-results>
