<?xml version="1.0" encoding="UTF-8"?>
<testng-results ignored="0" total="12" passed="12" failed="0" skipped="0">
  <reporter-output>
  </reporter-output>
  <suite started-at="2025-12-15T17:35:18 IST" name="Default suite" finished-at="2025-12-15T17:38:36 IST" duration-ms="198284">
    <groups>
    </groups>
    <test started-at="2025-12-15T17:35:18 IST" name="Default test" finished-at="2025-12-15T17:38:36 IST" duration-ms="198284">
      <class name="test.ERP_Test">
        <test-method is-config="true" signature="urlloading()[pri:0, instance:test.ERP_Test@6302bbb1]" started-at="2025-12-15T17:35:18 IST" name="urlloading" finished-at="2025-12-15T17:35:23 IST" duration-ms="5204" status="PASS">
          <reporter-output>
          </reporter-output>
        </test-method> <!-- urlloading -->
        <test-method signature="data_driven_testing()[pri:0, instance:test.ERP_Test@6302bbb1]" started-at="2025-12-15T17:35:23 IST" name="data_driven_testing" finished-at="2025-12-15T17:36:59 IST" duration-ms="95317" status="PASS">
          <reporter-output>
          </reporter-output>
        </test-method> <!-- data_driven_testing -->
        <test-method is-config="true" signature="afterMethod(org.testng.ITestResult)[pri:0, instance:test.ERP_Test@6302bbb1]" started-at="2025-12-15T17:36:59 IST" name="afterMethod" finished-at="2025-12-15T17:36:59 IST" duration-ms="8" status="PASS">
          <params>
            <param index="0">
              <value>
                <![CDATA[[TestResult name=data_driven_testing status=SUCCESS method=ERP_Test.data_driven_testing()[pri:0, instance:test.ERP_Test@6302bbb1] output={null}]]]>
              </value>
            </param>
          </params>
          <reporter-output>
          </reporter-output>
        </test-method> <!-- afterMethod -->
        <test-method signature="login_test()[pri:1, instance:test.ERP_Test@6302bbb1]" started-at="2025-12-15T17:36:59 IST" name="login_test" finished-at="2025-12-15T17:37:06 IST" duration-ms="7071" status="PASS">
          <reporter-output>
          </reporter-output>
        </test-method> <!-- login_test -->
        <test-method is-config="true" signature="afterMethod(org.testng.ITestResult)[pri:0, instance:test.ERP_Test@6302bbb1]" started-at="2025-12-15T17:37:06 IST" name="afterMethod" finished-at="2025-12-15T17:37:06 IST" duration-ms="295" status="PASS">
          <params>
            <param index="0">
              <value>
                <![CDATA[[TestResult name=login_test status=SUCCESS method=ERP_Test.login_test()[pri:1, instance:test.ERP_Test@6302bbb1] output={null}]]]>
              </value>
            </param>
          </params>
          <reporter-output>
          </reporter-output>
        </test-method> <!-- afterMethod -->
        <test-method signature="enquiry_create()[pri:2, instance:test.ERP_Test@6302bbb1]" started-at="2025-12-15T17:37:06 IST" name="enquiry_create" finished-at="2025-12-15T17:37:24 IST" duration-ms="17884" status="PASS">
          <reporter-output>
          </reporter-output>
        </test-method> <!-- enquiry_create -->
        <test-method is-config="true" signature="afterMethod(org.testng.ITestResult)[pri:0, instance:test.ERP_Test@6302bbb1]" started-at="2025-12-15T17:37:24 IST" name="afterMethod" finished-at="2025-12-15T17:37:24 IST" duration-ms="186" status="PASS">
          <params>
            <param index="0">
              <value>
                <![CDATA[[TestResult name=enquiry_create status=SUCCESS method=ERP_Test.enquiry_create()[pri:2, instance:test.ERP_Test@6302bbb1] output={null}]]]>
              </value>
            </param>
          </params>
          <reporter-output>
          </reporter-output>
        </test-method> <!-- afterMethod -->
        <test-method signature="enquiry_overview()[pri:3, instance:test.ERP_Test@6302bbb1]" started-at="2025-12-15T17:37:24 IST" name="enquiry_overview" finished-at="2025-12-15T17:37:33 IST" duration-ms="8576" status="PASS">
          <reporter-output>
          </reporter-output>
        </test-method> <!-- enquiry_overview -->
        <test-method is-config="true" signature="afterMethod(org.testng.ITestResult)[pri:0, instance:test.ERP_Test@6302bbb1]" started-at="2025-12-15T17:37:33 IST" name="afterMethod" finished-at="2025-12-15T17:37:33 IST" duration-ms="180" status="PASS">
          <params>
            <param index="0">
              <value>
                <![CDATA[[TestResult name=enquiry_overview status=SUCCESS method=ERP_Test.enquiry_overview()[pri:3, instance:test.ERP_Test@6302bbb1] output={null}]]]>
              </value>
            </param>
          </params>
          <reporter-output>
          </reporter-output>
        </test-method> <!-- afterMethod -->
        <test-method signature="edit_enquiry()[pri:4, instance:test.ERP_Test@6302bbb1]" started-at="2025-12-15T17:37:33 IST" name="edit_enquiry" finished-at="2025-12-15T17:37:41 IST" duration-ms="8512" status="PASS">
          <reporter-output>
          </reporter-output>
        </test-method> <!-- edit_enquiry -->
        <test-method is-config="true" signature="afterMethod(org.testng.ITestResult)[pri:0, instance:test.ERP_Test@6302bbb1]" started-at="2025-12-15T17:37:41 IST" name="afterMethod" finished-at="2025-12-15T17:37:42 IST" duration-ms="194" status="PASS">
          <params>
            <param index="0">
              <value>
                <![CDATA[[TestResult name=edit_enquiry status=SUCCESS method=ERP_Test.edit_enquiry()[pri:4, instance:test.ERP_Test@6302bbb1] output={null}]]]>
              </value>
            </param>
          </params>
          <reporter-output>
          </reporter-output>
        </test-method> <!-- afterMethod -->
        <test-method signature="followup_from_enquiry_overiew()[pri:5, instance:test.ERP_Test@6302bbb1]" started-at="2025-12-15T17:37:42 IST" name="followup_from_enquiry_overiew" finished-at="2025-12-15T17:37:55 IST" duration-ms="13261" status="PASS">
          <reporter-output>
          </reporter-output>
        </test-method> <!-- followup_from_enquiry_overiew -->
        <test-method is-config="true" signature="afterMethod(org.testng.ITestResult)[pri:0, instance:test.ERP_Test@6302bbb1]" started-at="2025-12-15T17:37:55 IST" name="afterMethod" finished-at="2025-12-15T17:37:55 IST" duration-ms="206" status="PASS">
          <params>
            <param index="0">
              <value>
                <![CDATA[[TestResult name=followup_from_enquiry_overiew status=SUCCESS method=ERP_Test.followup_from_enquiry_overiew()[pri:5, instance:test.ERP_Test@6302bbb1] output={null}]]]>
              </value>
            </param>
          </params>
          <reporter-output>
          </reporter-output>
        </test-method> <!-- afterMethod -->
        <test-method signature="followup_details()[pri:6, instance:test.ERP_Test@6302bbb1]" started-at="2025-12-15T17:37:55 IST" name="followup_details" finished-at="2025-12-15T17:38:02 IST" duration-ms="7054" status="PASS">
          <reporter-output>
          </reporter-output>
        </test-method> <!-- followup_details -->
        <test-method is-config="true" signature="afterMethod(org.testng.ITestResult)[pri:0, instance:test.ERP_Test@6302bbb1]" started-at="2025-12-15T17:38:02 IST" name="afterMethod" finished-at="2025-12-15T17:38:02 IST" duration-ms="218" status="PASS">
          <params>
            <param index="0">
              <value>
                <![CDATA[[TestResult name=followup_details status=SUCCESS method=ERP_Test.followup_details()[pri:6, instance:test.ERP_Test@6302bbb1] output={null}]]]>
              </value>
            </param>
          </params>
          <reporter-output>
          </reporter-output>
        </test-method> <!-- afterMethod -->
        <test-method signature="enquiry_hot()[pri:8, instance:test.ERP_Test@6302bbb1]" started-at="2025-12-15T17:38:02 IST" name="enquiry_hot" finished-at="2025-12-15T17:38:13 IST" duration-ms="10744" status="PASS">
          <reporter-output>
          </reporter-output>
        </test-method> <!-- enquiry_hot -->
        <test-method is-config="true" signature="afterMethod(org.testng.ITestResult)[pri:0, instance:test.ERP_Test@6302bbb1]" started-at="2025-12-15T17:38:13 IST" name="afterMethod" finished-at="2025-12-15T17:38:13 IST" duration-ms="204" status="PASS">
          <params>
            <param index="0">
              <value>
                <![CDATA[[TestResult name=enquiry_hot status=SUCCESS method=ERP_Test.enquiry_hot()[pri:8, instance:test.ERP_Test@6302bbb1] output={null}]]]>
              </value>
            </param>
          </params>
          <reporter-output>
          </reporter-output>
        </test-method> <!-- afterMethod -->
        <test-method signature="quotation()[pri:9, instance:test.ERP_Test@6302bbb1]" started-at="2025-12-15T17:38:13 IST" name="quotation" finished-at="2025-12-15T17:38:19 IST" duration-ms="5751" status="PASS">
          <reporter-output>
          </reporter-output>
        </test-method> <!-- quotation -->
        <test-method is-config="true" signature="afterMethod(org.testng.ITestResult)[pri:0, instance:test.ERP_Test@6302bbb1]" started-at="2025-12-15T17:38:19 IST" name="afterMethod" finished-at="2025-12-15T17:38:19 IST" duration-ms="200" status="PASS">
          <params>
            <param index="0">
              <value>
                <![CDATA[[TestResult name=quotation status=SUCCESS method=ERP_Test.quotation()[pri:9, instance:test.ERP_Test@6302bbb1] output={null}]]]>
              </value>
            </param>
          </params>
          <reporter-output>
          </reporter-output>
        </test-method> <!-- afterMethod -->
        <test-method signature="edit_quotation()[pri:10, instance:test.ERP_Test@6302bbb1]" started-at="2025-12-15T17:38:19 IST" name="edit_quotation" finished-at="2025-12-15T17:38:23 IST" duration-ms="3886" status="PASS">
          <reporter-output>
          </reporter-output>
        </test-method> <!-- edit_quotation -->
        <test-method is-config="true" signature="afterMethod(org.testng.ITestResult)[pri:0, instance:test.ERP_Test@6302bbb1]" started-at="2025-12-15T17:38:23 IST" name="afterMethod" finished-at="2025-12-15T17:38:23 IST" duration-ms="345" status="PASS">
          <params>
            <param index="0">
              <value>
                <![CDATA[[TestResult name=edit_quotation status=SUCCESS method=ERP_Test.edit_quotation()[pri:10, instance:test.ERP_Test@6302bbb1] output={null}]]]>
              </value>
            </param>
          </params>
          <reporter-output>
          </reporter-output>
        </test-method> <!-- afterMethod -->
        <test-method signature="view_quotation()[pri:11, instance:test.ERP_Test@6302bbb1]" started-at="2025-12-15T17:38:23 IST" name="view_quotation" finished-at="2025-12-15T17:38:30 IST" duration-ms="6948" status="PASS">
          <reporter-output>
          </reporter-output>
        </test-method> <!-- view_quotation -->
        <test-method is-config="true" signature="afterMethod(org.testng.ITestResult)[pri:0, instance:test.ERP_Test@6302bbb1]" started-at="2025-12-15T17:38:30 IST" name="afterMethod" finished-at="2025-12-15T17:38:31 IST" duration-ms="359" status="PASS">
          <params>
            <param index="0">
              <value>
                <![CDATA[[TestResult name=view_quotation status=SUCCESS method=ERP_Test.view_quotation()[pri:11, instance:test.ERP_Test@6302bbb1] output={null}]]]>
              </value>
            </param>
          </params>
          <reporter-output>
          </reporter-output>
        </test-method> <!-- afterMethod -->
        <test-method signature="quotation_followup()[pri:12, instance:test.ERP_Test@6302bbb1]" started-at="2025-12-15T17:38:31 IST" name="quotation_followup" finished-at="2025-12-15T17:38:36 IST" duration-ms="4735" status="PASS">
          <reporter-output>
          </reporter-output>
        </test-method> <!-- quotation_followup -->
        <test-method is-config="true" signature="afterMethod(org.testng.ITestResult)[pri:0, instance:test.ERP_Test@6302bbb1]" started-at="2025-12-15T17:38:36 IST" name="afterMethod" finished-at="2025-12-15T17:38:36 IST" duration-ms="195" status="PASS">
          <params>
            <param index="0">
              <value>
                <![CDATA[[TestResult name=quotation_followup status=SUCCESS method=ERP_Test.quotation_followup()[pri:12, instance:test.ERP_Test@6302bbb1] output={null}]]]>
              </value>
            </param>
          </params>
          <reporter-output>
          </reporter-output>
        </test-method> <!-- afterMethod -->
        <test-method is-config="true" signature="teardown()[pri:0, instance:test.ERP_Test@6302bbb1]" started-at="2025-12-15T17:38:36 IST" name="teardown" finished-at="2025-12-15T17:38:36 IST" duration-ms="667" status="PASS">
          <reporter-output>
          </reporter-output>
        </test-method> <!-- teardown -->
      </class> <!-- test.ERP_Test -->
    </test> <!-- Default test -->
  </suite> <!-- Default suite -->
</testng-results>
