<?xml version="1.0" encoding="UTF-8"?>
<!-- Generated by org.testng.reporters.JUnitReportReporter -->
<testsuite hostname="HP" failures="0" tests="8" name="test.ERP_Test" time="77.998" errors="0" timestamp="2026-02-28T10:04:20 IST" skipped="0">
  <testcase classname="test.ERP_Test" name="login_test" time="10.189"/>
  <system-out/>
  <testcase classname="test.ERP_Test" name="enquiry_create" time="23.407"/>
  <system-out/>
  <testcase classname="test.ERP_Test" name="followup_from_enquiry_overiew" time="12.850"/>
  <system-out/>
  <testcase classname="test.ERP_Test" name="followup_details" time="7.763"/>
  <system-out/>
  <testcase classname="test.ERP_Test" name="quotation" time="9.695"/>
  <system-out/>
  <testcase classname="test.ERP_Test" name="edit_quotation" time="3.830"/>
  <system-out/>
  <testcase classname="test.ERP_Test" name="view_quotation" time="4.816"/>
  <system-out/>
  <testcase classname="test.ERP_Test" name="quotation_followup" time="5.448"/>
  <system-out/>
</testsuite> <!-- test.ERP_Test -->
