<?xml version="1.0" encoding="UTF-8"?>
<!-- Generated by org.testng.reporters.JUnitReportReporter -->
<testsuite hostname="HP" failures="0" tests="10" name="test.ERP_Test" time="83.071" errors="0" timestamp="2025-12-17T15:28:22 IST" skipped="0">
  <testcase classname="test.ERP_Test" name="login_test" time="12.637"/>
  <system-out/>
  <testcase classname="test.ERP_Test" name="enquiry_create" time="15.975"/>
  <system-out/>
  <testcase classname="test.ERP_Test" name="enquiry_overview" time="8.771"/>
  <system-out/>
  <testcase classname="test.ERP_Test" name="followup_from_enquiry_overiew" time="9.155"/>
  <system-out/>
  <testcase classname="test.ERP_Test" name="followup_details" time="7.492"/>
  <system-out/>
  <testcase classname="test.ERP_Test" name="enquiry_hot" time="11.124"/>
  <system-out/>
  <testcase classname="test.ERP_Test" name="quotation" time="5.647"/>
  <system-out/>
  <testcase classname="test.ERP_Test" name="edit_quotation" time="2.712"/>
  <system-out/>
  <testcase classname="test.ERP_Test" name="view_quotation" time="4.683"/>
  <system-out/>
  <testcase classname="test.ERP_Test" name="quotation_followup" time="4.875"/>
  <system-out/>
</testsuite> <!-- test.ERP_Test -->
