<?xml version="1.0" encoding="UTF-8"?>
<!-- Generated by org.testng.reporters.JUnitReportReporter -->
<testsuite hostname="HP" failures="0" tests="12" name="test.ERP_Test" time="192.329" errors="0" timestamp="2025-12-15T17:38:37 IST" skipped="0">
  <testcase classname="test.ERP_Test" name="data_driven_testing" time="95.523"/>
  <system-out/>
  <testcase classname="test.ERP_Test" name="login_test" time="7.265"/>
  <system-out/>
  <testcase classname="test.ERP_Test" name="enquiry_create" time="18.243"/>
  <system-out/>
  <testcase classname="test.ERP_Test" name="enquiry_overview" time="8.871"/>
  <system-out/>
  <testcase classname="test.ERP_Test" name="edit_enquiry" time="8.520"/>
  <system-out/>
  <testcase classname="test.ERP_Test" name="followup_from_enquiry_overiew" time="13.461"/>
  <system-out/>
  <testcase classname="test.ERP_Test" name="followup_details" time="7.234"/>
  <system-out/>
  <testcase classname="test.ERP_Test" name="enquiry_hot" time="10.962"/>
  <system-out/>
  <testcase classname="test.ERP_Test" name="quotation" time="5.955"/>
  <system-out/>
  <testcase classname="test.ERP_Test" name="edit_quotation" time="4.231"/>
  <system-out/>
  <testcase classname="test.ERP_Test" name="view_quotation" time="7.143"/>
  <system-out/>
  <testcase classname="test.ERP_Test" name="quotation_followup" time="4.921"/>
  <system-out/>
</testsuite> <!-- test.ERP_Test -->
