<?xml version="1.0" encoding="UTF-8"?>
<!-- Generated by org.testng.reporters.JUnitReportReporter -->
<testsuite hostname="HP" failures="0" tests="8" name="test.ERP_Test" time="61.914" errors="0" timestamp="2025-12-12T16:02:34 IST" skipped="0">
  <testcase classname="test.ERP_Test" name="login_test" time="6.682"/>
  <system-out/>
  <testcase classname="test.ERP_Test" name="enquiry_create" time="13.696"/>
  <system-out/>
  <testcase classname="test.ERP_Test" name="followup_from_enquiry_overiew" time="12.625"/>
  <system-out/>
  <testcase classname="test.ERP_Test" name="enquiry_hot" time="10.539"/>
  <system-out/>
  <testcase classname="test.ERP_Test" name="quotation" time="5.484"/>
  <system-out/>
  <testcase classname="test.ERP_Test" name="edit_quotation" time="3.090"/>
  <system-out/>
  <testcase classname="test.ERP_Test" name="view_quotation" time="4.875"/>
  <system-out/>
  <testcase classname="test.ERP_Test" name="quotation_followup" time="4.923"/>
  <system-out/>
</testsuite> <!-- test.ERP_Test -->
