<?xml version="1.0" encoding="UTF-8"?>
<!-- Generated by org.testng.reporters.JUnitReportReporter -->
<testsuite hostname="HP" failures="0" tests="10" name="test.ERP_Test" time="82.534" errors="0" timestamp="2025-12-17T15:13:58 IST" skipped="0">
  <testcase classname="test.ERP_Test" name="login_test" time="8.220"/>
  <system-out/>
  <testcase classname="test.ERP_Test" name="enquiry_create" time="19.670"/>
  <system-out/>
  <testcase classname="test.ERP_Test" name="enquiry_overview" time="8.720"/>
  <system-out/>
  <testcase classname="test.ERP_Test" name="followup_from_enquiry_overiew" time="9.166"/>
  <system-out/>
  <testcase classname="test.ERP_Test" name="followup_details" time="7.354"/>
  <system-out/>
  <testcase classname="test.ERP_Test" name="enquiry_hot" time="11.267"/>
  <system-out/>
  <testcase classname="test.ERP_Test" name="quotation" time="5.698"/>
  <system-out/>
  <testcase classname="test.ERP_Test" name="edit_quotation" time="2.855"/>
  <system-out/>
  <testcase classname="test.ERP_Test" name="view_quotation" time="4.687"/>
  <system-out/>
  <testcase classname="test.ERP_Test" name="quotation_followup" time="4.897"/>
  <system-out/>
</testsuite> <!-- test.ERP_Test -->
