<?xml version="1.0" encoding="UTF-8"?>
<!-- Generated by org.testng.reporters.JUnitReportReporter -->
<testsuite hostname="HP" failures="0" tests="8" name="test.ERP_Test" time="76.572" errors="0" timestamp="2026-02-28T10:53:54 IST" skipped="0">
  <testcase classname="test.ERP_Test" name="login_test" time="9.420"/>
  <system-out/>
  <testcase classname="test.ERP_Test" name="enquiry_create" time="23.344"/>
  <system-out/>
  <testcase classname="test.ERP_Test" name="followup_from_enquiry_overiew" time="13.009"/>
  <system-out/>
  <testcase classname="test.ERP_Test" name="followup_details" time="7.816"/>
  <system-out/>
  <testcase classname="test.ERP_Test" name="quotation" time="9.627"/>
  <system-out/>
  <testcase classname="test.ERP_Test" name="edit_quotation" time="3.106"/>
  <system-out/>
  <testcase classname="test.ERP_Test" name="view_quotation" time="5.030"/>
  <system-out/>
  <testcase classname="test.ERP_Test" name="quotation_followup" time="5.220"/>
  <system-out/>
</testsuite> <!-- test.ERP_Test -->
