<?xml version="1.0" encoding="UTF-8"?>
<!-- Generated by org.testng.reporters.JUnitReportReporter -->
<testsuite hostname="HP" failures="0" tests="8" name="test.ERP_Test" time="59.109" errors="0" timestamp="2025-12-12T18:17:58 IST" skipped="0">
  <testcase classname="test.ERP_Test" name="login_test" time="6.460"/>
  <system-out/>
  <testcase classname="test.ERP_Test" name="enquiry_create" time="13.071"/>
  <system-out/>
  <testcase classname="test.ERP_Test" name="followup_from_enquiry_overiew" time="12.676"/>
  <system-out/>
  <testcase classname="test.ERP_Test" name="enquiry_hot" time="10.403"/>
  <system-out/>
  <testcase classname="test.ERP_Test" name="quotation" time="4.948"/>
  <system-out/>
  <testcase classname="test.ERP_Test" name="edit_quotation" time="2.883"/>
  <system-out/>
  <testcase classname="test.ERP_Test" name="view_quotation" time="4.166"/>
  <system-out/>
  <testcase classname="test.ERP_Test" name="quotation_followup" time="4.502"/>
  <system-out/>
</testsuite> <!-- test.ERP_Test -->
